Linux 5.15.0-73-generic (kfaas-1) 	06/13/23 	_x86_64_	(64 CPU)

20:26:50      UID       PID  minflt/s  majflt/s     VSZ     RSS   %MEM  Command
20:26:53     1000   2691987 140187.00      0.00 4701540  857048   0.44  server
20:26:54     1000   2691987 179589.00      0.00 4701540  848428   0.43  server
20:26:55     1000   2691987 166800.00      0.00 4676952  819748   0.42  server
20:26:56     1000   2691987 177861.00      0.00 4701540  854960   0.44  server
20:26:57     1000   2691987 163517.00      0.00 4701540  853576   0.43  server
20:26:58     1000   2691987 164123.00      0.00 4701540  818312   0.42  server
20:26:59     1000   2691987 184762.00      0.00 4701540  851040   0.43  server
20:27:00     1000   2691987 176938.00      0.00 4701540  840220   0.43  server
20:27:01     1000   2691987 313752.00     12.00 4701540  843864   0.43  server
20:27:02     1000   2691987 189496.00      0.00 4701540  845280   0.43  server
20:27:03     1000   2691987 189758.00      0.00 4701540  846824   0.43  server
20:27:04     1000   2691987 201502.00      0.00 4701540  844380   0.43  server
20:27:05     1000   2691987 187994.00      0.00 4701540  830396   0.42  server
20:27:06     1000   2691987 203062.00      0.00 4701540  855468   0.44  server
20:27:07     1000   2691987 205961.00      0.00 4701540  849724   0.43  server
20:27:08     1000   2691987 212785.00      0.00 4701540  823248   0.42  server
20:27:09     1000   2691987 216191.00      0.00 4701540  848596   0.43  server
20:27:10     1000   2691987 201906.00      0.00 4701540  853496   0.43  server
20:27:11     1000   2691987 197654.00      0.00 4701540  852164   0.43  server
20:27:12     1000   2691987 202435.00      0.00 4701540  829904   0.42  server
20:27:13     1000   2691987 218732.00      0.00 4701540  846548   0.43  server
20:27:14     1000   2691987 204360.00      0.00 4701540  850516   0.43  server
20:27:15     1000   2691987 204009.00      0.00 4701540  842960   0.43  server
20:27:16     1000   2691987 214358.00      0.00 4701540  846268   0.43  server
20:27:17     1000   2691987 199058.00      0.00 4701540  844972   0.43  server
20:27:18     1000   2691987 201016.00      0.00 4701540  856524   0.44  server
20:27:19     1000   2691987 196712.00      0.00 4701540  856200   0.44  server
20:27:20     1000   2691987 209658.00      0.00 4701540  850780   0.43  server
20:27:21     1000   2691987 199080.00      0.00 4701540  849160   0.43  server
20:27:22     1000   2691987 190210.00      0.00 4701540  848164   0.43  server
